The target system is: Emscripten - 1 - x86
The host system is: Linux - 6.1.0-32-amd64 - x86_64
Performing C++ SOURCE FILE Test HAVE_STDATOMIC succeeded with the following output:
Change Dir: /home/felix/Dokumente/development/c/BuildIT/cmake-build-debug-webassembly/CMakeFiles/CMakeScratch/TryCompile-o0hDlX

Run Build Command(s):/home/felix/.local/share/JetBrains/Toolbox/apps/clion/bin/ninja/linux/x64/ninja cmTC_b1fe1 && [1/2] Building CXX object CMakeFiles/cmTC_b1fe1.dir/src.cxx.o
[2/2] Linking CXX executable cmTC_b1fe1.js


Source file was:
#include <atomic>
#include <cstdint>

int main(int, char **)
{
    volatile std::atomic<char>    size_1;
    volatile std::atomic<short>   size_2;
    volatile std::atomic<int>     size_4;
    volatile std::atomic<int64_t> size_8;

    ++size_1;
    ++size_2;
    ++size_4;
    ++size_8;

    (void)size_1.load(std::memory_order_relaxed);
    (void)size_2.load(std::memory_order_relaxed);
    (void)size_4.load(std::memory_order_relaxed);
    (void)size_8.load(std::memory_order_relaxed);

    return 0;
}

Performing C++ SOURCE FILE Test HAVE_GETTIME succeeded with the following output:
Change Dir: /home/felix/Dokumente/development/c/BuildIT/cmake-build-debug-webassembly/CMakeFiles/CMakeScratch/TryCompile-1vuZei

Run Build Command(s):/home/felix/.local/share/JetBrains/Toolbox/apps/clion/bin/ninja/linux/x64/ninja cmTC_7037e && [1/2] Building CXX object CMakeFiles/cmTC_7037e.dir/src.cxx.o
[2/2] Linking CXX executable cmTC_7037e.js


Source file was:

#include <time.h>
#include <unistd.h>

int main(int, char **) {
    struct timespec ts;
    clock_gettime(CLOCK_REALTIME, &ts);
    return 0;
}


Performing C++ SOURCE FILE Test HAVE_SHM_OPEN_SHM_UNLINK succeeded with the following output:
Change Dir: /home/felix/Dokumente/development/c/BuildIT/cmake-build-debug-webassembly/CMakeFiles/CMakeScratch/TryCompile-Gs7kXj

Run Build Command(s):/home/felix/.local/share/JetBrains/Toolbox/apps/clion/bin/ninja/linux/x64/ninja cmTC_35449 && [1/2] Building CXX object CMakeFiles/cmTC_35449.dir/src.cxx.o
[2/2] Linking CXX executable cmTC_35449.js


Source file was:

#include <sys/types.h>
#include <sys/mman.h>
#include <fcntl.h>

int main(int, char **) {
    shm_open("test", O_RDWR | O_CREAT | O_EXCL, 0666);
    shm_unlink("test");
    return 0;
}


Performing C++ SOURCE FILE Test HAVE_EGL succeeded with the following output:
Change Dir: /home/felix/Dokumente/development/c/BuildIT/cmake-build-debug-webassembly/CMakeFiles/CMakeScratch/TryCompile-PqFPwS

Run Build Command(s):/home/felix/.local/share/JetBrains/Toolbox/apps/clion/bin/ninja/linux/x64/ninja cmTC_8ec0b && [1/2] Building CXX object CMakeFiles/cmTC_8ec0b.dir/src.cxx.o
[2/2] Linking CXX executable cmTC_8ec0b.js


Source file was:

#include <EGL/egl.h>

int main(int, char **) {
    [[maybe_unused]] EGLint x = 0;
    EGLDisplay dpy = 0; EGLContext ctx = 0;
    eglDestroyContext(dpy, ctx);
}

